<?xml version="1.0" encoding="UTF-8"?>
<!-- Generated by org.testng.reporters.JUnitReportReporter -->
<testsuite name="test_scripts.TestCase_01" tests="1" time="66.014" ignored="0" failures="0" timestamp="12 May 2019 16:53:44 GMT" skipped="0" hostname="a" errors="0">
  <testcase name="TestCase_01" time="66.014" classname="test_scripts.TestCase_01"/>
</testsuite> <!-- test_scripts.TestCase_01 -->
